{"name": "test2", "status": "failed", "statusDetails": {"message": "AssertionError: True != \"It's not a Match.\"", "trace": "self = <test_test.test_case2 testMethod=test2>\n\n    @allure.feature('Open')\n    def test2(self):\n        s1 =\"Ruby\"\n        s2 =\"Ruby\"\n        # Verifying Numbers\n>       self.assertEquals(s1 == s2, \"It's not a Match.\")\nE       AssertionError: True != \"It's not a Match.\"\n\ntest_test.py:76: AssertionError"}, "start": 1698860550170, "stop": 1698860550171, "uuid": "1307e32a-6376-4678-a905-a1d66c845042", "historyId": "96052ee4f98eac2c25c050040c5cfe7e", "testCaseId": "96052ee4f98eac2c25c050040c5cfe7e", "fullName": "test_test.test_case2#test2", "labels": [{"name": "feature", "value": "Open"}, {"name": "suite", "value": "test_test"}, {"name": "subSuite", "value": "test_case2"}, {"name": "host", "value": "YELLOW-72-TEACHER"}, {"name": "thread", "value": "4776-MainThread"}, {"name": "framework", "value": "pytest"}, {"name": "language", "value": "cpython3"}, {"name": "package", "value": "test_test"}]}